[   .0000]niialinggrousuyscpus
   0.0000]Initling cgroup subsys cpu
[    0.000000] Initializing cgroup subsys cpuacct
[    0.000000] Linux version 4.4.0-139-generic (buildd@lcy01-amd64-006) (gcc version 5.4.0 20160609 (Ubuntu 5.4.0-6ubuntu1~16.04.10) ) #165-Ubuntu SMP Wed Oct 24 10:58:50 UTC 2018 (Ubuntu 4.4.0-139.165-generic 4.4.160)
[    0.000000] Command line: BOOT_IMAGE=/boot/vmlinuz-4.4.0-139-generic root=LABEL=cloudimg-rootfs ro console=tty1 console=ttyS0
[    0.000000] KERNEL supported cpus:
[    0.000000]   Intel GenuineIntel
[    0.000000]   AMD AuthenticAMD
[    0.000000]   Centaur CentaurHauls
[    0.000000] x86/fpu: xstate_offset[2]:  576, xstate_sizes[2]:  256
[    0.000000] x86/fpu: Supporting XSAVE feature 0x01: 'x87 floating point registers'
[    0.000000] x86/fpu: Supporting XSAVE feature 0x02: 'SSE registers'
[    0.000000] x86/fpu: Supporting XSAVE feature 0x04: 'AVX registers'
[    0.000000] x86/fpu: Enabled xstate features 0x7, context size is 832 bytes, using 'standard' format.
[    0.000000] e820: BIOS-provided physical RAM map:
[    0.000000] BIOS-e820: [mem 0x0000000000000000-0x000000000009fbff] usable
[    0.000000] BIOS-e820: [mem 0x000000000009fc00-0x000000000009ffff] reserved
[    0.000000] BIOS-e820: [mem 0x00000000000f0000-0x00000000000fffff] reserved
[    0.000000] BIOS-e820: [mem 0x0000000000100000-0x000000007ffeffff] usable
[    0.000000] BIOS-e820: [mem 0x000000007fff0000-0x000000007fffffff] ACPI data
[    0.000000] BIOS-e820: [mem 0x00000000fec00000-0x00000000fec00fff] reserved
[    0.000000] BIOS-e820:mem 0x00000f00000x00000feeff rserved[   0.00] BI-e0:[mem 0x000000fc0000x00000ffff] rerd
[  0.0000NXExcuteisle) ottin: aiv
[    0000] SMOS.5 pse.
[    0000] HyrvordeteedKVM
[  0000] 20 laspf= 0xffma_arcpfn = 0x400000000
[    0.0000MT: isabd[    0000] x/P: TRRs disabled, skipping PAT initialization t.[   .0000]PUTRs all blank - virtualized system.
[    0.000000] x86/PAT: Configuration [0-7]: WB  WT  UC- UC  WB  WT  UC- UC  
[    0.000000] found SMP MP-table at [mem 0x0009fff0-0x0009ffff] mapped at [ffff88000009fff0]
[    0.000000] Scanning 1 areas for low memory corruption
[    0.000000] RAMDISK: [mem 0x3630a000-0x3717cfff]
[    0.000000] ACPI: Early table checksum verification disabled
[    0.000000] ACPI: RSDP 0x00000000000E0000 000024 (v02 VBOX  )
[    0.000000] ACPI: XSDT 0x000000007FFF0030 00003C (v01 VBOX   VBOXXSDT 00000001 ASL  00000061)
[    0.000000] ACPI: FACP 0x000000007FFF00F0 0000F4 (v04 VBOX   VBOXFACP 00000001 ASL  00000061)
[    0.000000] ACPI: DSDT 0x000000007FFF0470 0021FF (v02 VBOX   VBOXBIOS 00000002 INTL 20180629)
[    0.000000] ACPI: FACS 0x000000007FFF0200 000040
[    0.000000] ACPI: FACS 0x000000007FFF0200 000040
[    0.000000] ACPI: APIC 0x000000007FFF0240 00005C (v02 VBOX   VBOXAPIC 00000001 ASL  00000061)
[    0.000000] ACPI: SSDT 0x000000007FFF02A0 0001CC (v01 VBOX   VBOXCPUT 00000002 INTL 20180629)
[    0.000000] No NUMA configuration found
[    0.000000] Faking a node at [mem 0x0000000000000000-0x000000007ffeffff]
[    0.000000] NODE_DATA(0) allocated [mem 0x7ffeb000-0x7ffeffff]
[    0.000000] kvm-clock: Using msrs 4b564d01 and 4b564d00
[    0.000000] kvm-clock: cpu 0, msr 0:7ffe3001, primary cpu clock
[    0.000000] kvm-clock: using sched offset of 3528215802 cycles
[    0.000000] clocksource: kvm-clock: mask: 0xffffffffffffffff max_cycles: 0x1cd42e4dffb, max_idle_ns: 881590591483 ns
[    0.000000] Zone ranges:
[    0.000000]   DMA      [mem 0x0000000000001000-0x0000000000ffffff]
[    0.000000]   DMA32    [mem 0x0000000001000000-0x000000007ffeffff]
[    0.000000]   Normal   empty
[    0.000000]   Device   empty
[    0.000000] Movable zone start for each node
[    0.000000] Early memory node ranges
[    0.000000]   node   0: [mem 0x0000000000001000-0x000000000009efff]
[    0.000000]   node   0: [mem 0x0000000000100000-0x000000007ffeffff]
[    0.000000] Initmem setup node 0 [mem 0x0000000000001000-0x000000007ffeffff]
[    0.000000] ACPI: PM-Timer IO Port: 0x4008
[    0.000000] IOAPIC[0]: apic_id 2, version 32, address 0xfec00000, GSI 0-23
[    0.000000] ACPI: INT_SRC_OVR (bus 0 bus_irq 0 global_irq 2 dfl dfl)
[    0.000000] ACPI: INT_SRC_OVR (bus 0 bus_irq 9 global_irq 9 low level)
[    0.000000] Using ACPI (MADT) for SMP configuration information
[    0.000000] smpboot: Allowing 2 CPUs, 0 hotplug CPUs
[    0.000000] PM: Registered nosave memory: [mem 0x00000000-0x00000fff]
[    0.000000] PM: Registered nosave memory: [mem 0x0009f000-0x0009ffff]
[    0.000000] PM: Registered nosave memory: [mem 0x000a0000-0x000effff]
[    0.000000] PM: Registered nosave memory: [mem 0x000f0000-0x000fffff]
[    0.000000] e820: [mem 0x80000000-0xfebfffff] available for PCI devices
[    0.000000] Booting paravirtualized kernel on KVM
[    0.000000] clocksource: refined-jiffies: mask: 0xffffffff max_cycles: 0xffffffff, max_idle_ns: 7645519600211568 ns
[    0.000000] setup_percpu: NR_CPUS:512 nr_cpumask_bits:512 nr_cpu_ids:2 nr_node_ids:1
[    0.000000] PERCPU: Embedded 34 pages/cpu @ffff88007fc00000 s99608 r8192 d31464 u1048576
[    0.000000] PV qspinlock hash table entries: 256 (order: 0, 4096 bytes)
[    0.000000] Built 1 zonelists in Node order, mobility grouping on.  Total pages: 515960
[    0.000000] Policy zone: DMA32
[    0.000000] Kernel command line: BOOT_IMAGE=/boot/vmlinuz-4.4.0-139-generic root=LABEL=cloudimg-rootfs ro console=tty1 console=ttyS0
[    0.000000] PID hash table entries: 4096 (order: 3, 32768 bytes)
[    0.000000] Memory: 2029900K/2096696K available (8564K kernel code, 1314K rwdata, 4004K rodata, 1528K init, 1316K bss, 66796K reserved, 0K cma-reserved)
[    0.000000] SLUB: HWalign=64, Order=0-3, MinObjects=0, CPUs=2, Nodes=1
[    0.000000] Kernel/User page tables isolation: enabled
[    0.000000] Hierarchical RCU implementation.
[    0.000000] 	Build-time adjustment of leaf fanout to 64.
[    0.000000] 	RCU restricting CPUs from NR_CPUS=512 to nr_cpu_ids=2.
[    0.000000] RCU: Adjusting geometry for rcu_fanout_leaf=64, nr_cpu_ids=2
[    0.000000] NR_IRQS:33024 nr_irqs:440 16
[    0.000000] Console: colour VGA+ 80x25
[    0.000000] console [tty1] enabled
[    0.000000] console [ttyS0] enabled
[    0.000000] tsc: Detected 3022.826 MHz processor
[    2.317318] Calibrating delay loop (skipped) preset value.. 6045.65 BogoMIPS (lpj=12091304)
[    2.318623] pid_max: default: 32768 minimum: 301
[    2.320091] ACPI: Core revision 20150930
[    2.322249] ACPI: 2 ACPI AML tables successfully acquired and loaded
[    2.323354] Security Framework initialized
[    2.323976] Yama: becoming mindful.
[    2.324561] AppArmor: AppArmor initialized
[    2.325625] Dentry cache hash table entries: 262144 (order: 9, 2097152 bytes)
[    2.326839] Inode-cache hash table entries: 131072 (order: 8, 1048576 bytes)
[    2.328260] Mount-cache hash table entries: 4096 (order: 3, 32768 bytes)
[    2.329176] Mountpoint-cache hash table entries: 4096 (order: 3, 32768 bytes)
[    2.330222] Initializing cgroup subsys io
[    2.330874] Initializing cgroup subsys memory
[    2.331526] Initializing cgroup subsys devices
[    2.332250] Initializing cgroup subsys freezer
[    2.332912] Initializing cgroup subsys net_cls
[    2.333571] Initializing cgroup subsys perf_event
[    2.334259] Initializing cgroup subsys net_prio
[    2.465945] Initializing cgroup subsys hugetlb
[    2.479757] Initializing cgroup subsys pids
[    2.481431] mce: CPU supports 0 MCE banks
[    2.482075] Last level iTLB entries: 4KB 128, 2MB 8, 4MB 8
[    2.482843] Last level dTLB entries: 4KB 64, 2MB 0, 4MB 0, 1GB 4
[    2.483683] Spectre V2 : Mitigation: Full generic retpoline
[    2.484460] Spectre V2 : Spectre v2 mitigation: Speculation control IBPB not-supported IBRS not-supported
[    2.485674] Spectre V2 : Spectre v2 / SpectreRSB mitigation: Filling RSB on context switch
[    2.487117] Speculative Store Bypass: Vulnerable
[    2.489888] Freeing SMP alternatives memory: 32K
[    2.497184] ftrace: allocating 32278 entries in 127 pages
[    2.682393] smpboot: APIC(0) Converting physical 0 to logical package 0
[    2.821398] smpboot: Max logical packages: 1
[    2.822271] x2apic enabled
[    2.822976] Switched APIC routing to physical x2apic.
[    2.824632] ..TIMER: vector=0x30 apic1=0 pin1=2 apic2=-1 pin2=-1
[    2.935397] APIC calibration not consistent with PM-Timer: 103ms instead of 100ms
[    3.148117] APIC delta adjusted to PM-Timer: 6249977 (6450841)
[    3.320324] smpboot: CPU0: Intel(R) Xeon(R) CPU E3-1220 v6 @ 3.00GHz (family: 0x6, model: 0x9e, stepping: 0x9)
[    3.600410] Performance Events: unsupported p6 CPU model 158 no PMU driver, software events only.
[    3.860390] KVM setup paravirtual spinlock
[    3.951128] x86: Booting SMP configuration:
[    3.976070] .... node  #0, CPUs:      #1
    3.980003] kvm-clock: cpu 1, msr 0:7ffe3041, secondary cpu clockk
[    3.993467] mce: CPU supports 0 MCE banks
[    3.996286] x86: Booted up 1 node, 2 CPUs
[    4.029747] smpboot: Total of 2 processors activated (12091.30 BogoMIPS)
[    4.100086] devtmpfs: initialized
[    4.102359] evm: security.selinux
[    4.102911] evm: security.SMACK64
[    4.103457] evm: security.SMACK64EXEC
[    4.104041] evm: security.SMACK64TRANSMUTE
[    4.104668] evm: security.SMACK64MMAP
[    4.105886] evm: security.ima
[    4.107047] evm: security.capability
[    4.108485] clocksource: jiffies: mask: 0xffffffff max_cycles: 0xffffffff, max_idle_ns: 7645041785100000 ns
[    4.275643] futex hash table entries: 512 (order: 3, 32768 bytes)
[    4.276672] pinctrl core: initialized pinctrl subsystem
[    4.277536] RTC time: 15:27:08, date: 11/30/18
[    4.278371] NET: Registered protocol family 16
[    4.288771] cpuidle: using governor ladder
[    4.427584] cpuidle: using governor menu
[    4.540122] PCCT header not found.
[    4.640320] ACPI: bus type PCI registered
[    4.756023] acpiphp: ACPI Hot Plug PCI Controller Driver version: 0.5
[    4.946662] PCI: Using configuration type 1 for base access
[    5.063317] ACPI: Added _OSI(Module Device)
[    5.191272] ACPI: Added _OSI(Processor Device)
[    5.316549] ACPI: Added _OSI(3.0 _SCP Extensions)
[    5.450456] ACPI: Added _OSI(Processor Aggregator Device)
[    5.610342] ACPI: Executed 1 blocks of module-level executable AML code
[    5.798458] ACPI: Interpreter enabled
[    5.885941] ACPI: (supports S0 S5)
[    5.981515] ACPI: Using IOAPIC for interrupt routing
[    6.085134] PCI: Using host bridge windows from ACPI; if necessary, use "pci=nocrs" and report a bug
[    6.104968] ACPI: PCI Root Bridge [PCI0] (domain 0000 [bus 00-ff])
[    6.105855] acpi PNP0A03:00: _OSC: OS supports [ASPM ClockPM Segments MSI]
[    6.112047] acpi PNP0A03:00: _OSC: not requesting OS control; OS requires [ExtendedConfig ASPM ClockPM MSI]
[    6.132606] acpi PNP0A03:00: fail to add MMCONFIG information, can't access extended PCI configuration space under this bridge.
[    6.134428] PCI host bridge to bus 0000:00
[    6.135067] pci_bus 0000:00: root bus resource [io  0x0000-0x0cf7 window]
[    6.135968] pci_bus 0000:00: root bus resource [io  0x0d00-0xffff window]
[    6.136870] pci_bus 0000:00: root bus resource [mem 0x000a0000-0x000bffff window]
[    6.138044] pci_bus 0000:00: root bus resource [mem 0x80000000-0xfdffffff window]
[    6.139179] pci_bus 0000:00: root bus resource [bus 00-ff]
[    6.141186] pci 0000:00:01.1: legacy IDE quirk: reg 0x10: [io  0x01f0-0x01f7]
[    6.149899] pci 0000:00:01.1: legacy IDE quirk: reg 0x14: [io  0x03f6]
[    6.171797] pci 0000:00:01.1: legacy IDE quirk: reg 0x18: [io  0x0170-0x0177]
[    6.291643] pci 0000:00:01.1: legacy IDE quirk: reg 0x1c: [io  0x0376]
[    6.505044] pci 0000:00:07.0: quirk: [io  0x4000-0x403f] claimed by PIIX4 ACPI
[    6.511485] pci 0000:00:07.0: quirk: [io  0x4100-0x410f] claimed by PIIX4 SMB
[    6.607388] ACPI: PCI Interrupt Link [LNKA] (IRQs 5 9 10 *11)
[    6.730918] ACPI: PCI Interrupt Link [LNKB] (IRQs 5 9 *10 11)
[    6.881287] ACPI: PCI Interrupt Link [LNKC] (IRQs 5 *9 10 11)
[    7.033726] ACPI: PCI Interrupt Link [LNKD] (IRQs 5 9 10 *11)
[    7.185813] ACPI: Enabled 2 GPEs in block 00 to 07
[    7.186857] vgaarb: setting as boot device: PCI:0000:00:02.0
[    7.209858] vgaarb: device added: PCI:0000:00:02.0,decodes=io+mem,owns=io+mem,locks=none
[    7.261678] vgaarb: loaded
[    7.262168] vgaarb: bridge control possible 0000:00:02.0
[    7.263120] SCSI subsystem initialized
[    7.263823] ACPI: bus type USB registered
[    7.333502] usbcore: registered new interface driver usbfs
[    7.501548] usbcore: registered new interface driver hub
[    7.662683] usbcore: registered new device driver usb
[    7.798820] PCI: Using ACPI for IRQ routing
[    7.921213] NetLabel: Initializing
[    8.022350] NetLabel:  domain hash size = 128
[    8.140998] NetLabel:  protocols = UNLABELED CIPSOv4
[    8.259510] NetLabel:  unlabeled traffic allowed by default
[    8.276264] amd_nb: Cannot enumerate AMD northbridges
[    8.277141] clocksource: Switched to clocksource kvm-clock
[    8.386490] AppArmor: AppArmor Filesystem Enabled
  8.54] p:nPCPin
[  8924]npPnAC: und 3 devices

[    9.334141] clocksource: acpi_pm: mask: 0xffffff max_cycles: 0xffffff, max_idle_ns: 2085701024 ns
[    9.349872] NET: Registered protocol family 2
[    9.350660] TCP established hash table entries: 16384 (order: 5, 131072 bytes)
[    9.351806] TCP bind hash table entries: 16384 (order: 6, 262144 bytes)
[    9.352769] TCP: Hash tables configured (establsshed 16384 bind 16384)
[   10.043714] UDP hash table entries: 1024 (order: 3, 32768 bytes)
[   10.381156] UDP-Lite hash table entries: 1024 (order: 3, 32768 bytes)
[   10.382139] NET: Registered protocol family 1
[   10.382828] pci 0000:00:00.0: Limiting direct PCI/PCI transfers
[   10.383687] pci 0000:00:01.0: Activating ISA DMA hang workarounds
[   10.384659] Unpacking initramfs...
[   10.559479] Freeing initrd memory: 14796K
[   10.560314] platform rtc_cmos: registered platform RTC device (no PNP device found)
[   10.561558] Scanning for low memory corruption every 60 seconds
[   10.562662] audit: initializing netlink subsys (disabled)
[   10.563457] audit: type=2000 audit(1543591632.154:1): initialized
[   10.619890] Initialise system trusted keyring
[   10.620699] HugeTLB registered 2 MB page size, pre-allocated 0 pages
[   10.622642] zbud: loaded
[   10.623442] VFS: Disk quotas dquot_6.6.0
[   10.624076] VFS: Dquot-cache hash table entries: 512 (order 0, 4096 bytes)
[   10.625174] squashfs: version 4.0 (2009/01/31) Phillip Lougher
[   10.626263] fuse init (API version 7.23)
[   10.626970] Key type big_key registered
[   10.627617] Allocating IMA MOK and blacklist keyrings.
[   10.629121] Key type asymmetric registered
[   10.629778] Asymmetric key parser 'x509' registered
[   10.630513] Block layer SCSI generic (bsg) driver version 0.4 loaded (major 249)
[   10.631710] io scheduler noop registered
[   10.632323] io scheduler deadline registered (default)
[   10.633081] io scheduler cfq registered
[   10.633774] pci_hotplug: PCI Hot Plug PCI Core version: 0.5
[   10.634558] pciehp: PCI Express Hot Plug Controller Driver version: 0.4
[   10.635580] ACPI: AC Adapter [AC] (on-line)
[   10.636258] input: Power Button as /devices/LNXSYSTM:00/LNXPWRBN:00/input/input0
[   10.637383] ACPI: Power Button [PWRF]
[   10.638034] input: Sleep Button as /devices/LNXSYSTM:00/LNXSLPBN:00/input/input1
[   10.639193] ACPI: Sleep Button [SLPF]
[   10.639939] GHES: HEST is not enabled!
[   10.640595] Serial: 8250/16550 driver, 32 ports, IRQ sharing enabled
[   10.663024] 00:02: ttyS0 at I/O 0x3f8 (irq = 4, base_baud = 115200) is a 16550A
[   10.664974] Linux agpgart interface v0.103
[   10.667419] loop: module loaded
[   10.668501] scsi host0: ata_piix
[   10.738355] scsi host1: ata_piix
[   10.807962] ata1: PATA max UDMA/33 cmd 0x1f0 ctl 0x3f6 bmdma 0xd000 irq 14
[   10.808876] ata2: PATA max UDMA/33 cmd 0x170 ctl 0x376 bmdma 0xd008 irq 15
[   10.809915] libphy: Fixed MDIO Bus: probed
[   10.811358] tun: Universal TUN/TAP device driver, 1.6
[   10.812895] tun: (C) 1999-2004 Max Krasnyansky <maxk@qualcomm.com>
[   10.957129] PPP generic driver version 2.4.2
[   11.006633] ehci_hcd: USB 2.0 'Enhanced' Host Controller (EHCI) Driver
[   11.007514] ehci-pci: EHCI PCI platform driver
[   11.008185] ehci-platform: EHCI generic platform driver
[   11.008970] ohci_hcd: USB 1.1 'Open' Host Controller (OHCI) Driver
[   11.009829] ohci-pci: OHCI PCI platform driver
[   11.010498] ohci-platform: OHCI generic platform driver
[   11.011246] uhci_hcd: USB Universal Host Controller Interface driver
[   11.012172] i8042: PNP: PS/2 Controller [PNP0303:PS2K,PNP0f03:PS2M] at 0x60,0x64 irq 1,12
[   11.057126] serio: i8042 KBD port at 0x60,0x64 irq 1
[   11.057866] serio: i8042 AUX port at 0x60,0x64 irq 12
[   11.058679] mousedev: PS/2 mouse device common for all mice
[   11.059869] input: AT Translated Set 2 keyboard as /devices/platform/i8042/serio0/input/input2
[   11.062556] rtc_cmos rtc_cmos: rtc core: registered rtc_cmos as rtc0
[   11.064136] rtc_cmos rtc_cmos: alarms up to one day, 114 bytes nvram
[   11.065032] i2c /dev entries driver
[   11.065707] device-mapper: uevent: version 1.0.3
[   11.066446] device-mapper: ioctl: 4.34.0-ioctl (2015-10-28) initialised: dm-devel@redhat.com
[   11.067695] ledtrig-cpu: registered to indicate activity on CPUs
[   11.068961] NET: Registered protocol family 10
[   11.069817] NET: Registered protocol family 17
[   11.070489] Key type dns_resolver registered
[   11.071317] registered taskstats version 1
[   11.074648] Loading compiled-in X.509 certificates
[   11.075861] Loaded X.509 cert 'Build time autogenerated kernel key: a88b0f663ecfd40e6a501dee2f0b211d51902e35'
[   11.116505] zswap: loaded using pool lzo/zbud
[   11.118607] Key type trusted registered
[   11.122097] Key type encrypted registered
[   11.123412] AppArmor: AppArmor sha1 policy hashing enabled
[   11.124202] ima: No TPM chip found, activating TPM-bypass!
[   11.125109] ima: Allocated hash algorithm: sha1
[   11.214748] evm: HMAC attrs: 0x1
[   11.324178]   Magic number: 10:802:488
[   11.337926] regulator regulator.0: hash matches
[   11.338660] rtc_cmos rtc_cmos: setting system clock to 2018-11-30 15:27:15 UTC (1543591635)
[   11.340007] BIOS EDD facility v0.16 2004-Jun-25, 0 devices found
[   11.340832] EDD information not available.
[   11.342546] Freeing unused kernel memory: 1528K
[   11.353248] Write protecting the kernel read-only data: 14336k
[   11.453597] Freeing unused kernel memory: 1664K
[   11.454497] Freeing unused kernel memory: 92K
Loading, please wait...
[   11.466009] random: systemd-udevd: uninitialized urandom read (16 bytes read, 3 bits of entropy available)
starting version 229
[   11.466553] random: udevadm: uninitialized urandom read (16 bytes read, 3 bits of entropy available)
[   11.466570] random: udevadm: uninitialized urandom read (16 bytes read, 3 bits of entropy available)
[   11.472544] random: udevadm: uninitialized urandom read (16 bytes read, 3 bits of entropy available)
[   11.472576] random: udevadm: uninitialized urandom read (16 bytes read, 3 bits of entropy available)
[   11.472697] random: udevadm: uninitialized urandom read (16 bytes read, 3 bits of entropy available)
[   11.472747] random: udevadm: uninitialized urandom read (16 bytes read, 3 bits of entropy available)
[   11.472785] random: udevadm: uninitialized urandom read (16 bytes read, 3 bits of entropy available)
[   11.472820] random: udevadm: uninitialized urandom read (16 bytes read, 3 bits of entropy available)
[   11.472854] random: udevadm: uninitialized urandom read (16 bytes read, 3 bits of entropy available)
[   12.161547] tsc: Refined TSC clocksource calibration: 3000.705 MHz
[   12.162402] clocksource: tsc: mask: 0xffffffffffffffff max_cycles: 0x2b40df65cad, max_idle_ns: 440795203722 ns
[   12.181406] e1000: Intel(R) PRO/1000 Network Driver - version 7.3.21-k8-NAPI
[   12.504915] e1000: Copyright (c) 1999-2006 Intel Corporation.
[   12.504977] Fusion MPT base driver 3.04.20
[   12.504978] Copyright (c) 1999-2008 LSI Corporation
[   12.511995] Fusion MPT SPI Host driver 3.04.20
[   12.520896] AVX2 version of gcm_enc/dec engaged.
[   12.657940] AES CTR mode by8 optimization enabled
[   12.751805] input: ImExPS/2 Generic Explorer Mouse as /devices/platform/i8042/serio1/input/input4
[   13.002366] e1000 0000:00:03.0 eth0: (PCI:33MHz:32-bit) 02:98:04:f8:6e:63
[   13.002369] e1000 0000:00:03.0 eth0: Intel(R) PRO/1000 Network Connection
[   13.336287] e1000 0000:00:08.0 eth1: (PCI:33MHz:32-bit) 08:00:27:2f:0e:51
[   13.663592] e1000 0000:00:08.0 eth1: Intel(R) PRO/1000 Network Connection
[   13.865358] mptbase: ioc0: Initiating bringup
[   13.865605] e1000 0000:00:08.0 enp0s8: renamed from eth1
[   14.447503] e1000 0000:00:03.0 enp0s3: renamed from eth0
[   14.501314] ioc0: LSI53C1030 A0: Capabilities={Initiator}
[   14.663283] scsi host2: ioc0: LSI53C1030 A0, FwRev=00000000h, Ports=1, MaxQ=256, IRQ=20
[   15.225934] scsi 2:0:0:0: Direct-Access     VBOX     HARDDISK         1.0  PQ: 0 ANSI: 5
[   15.591699] scsi target2:0:0: Beginning Domain Validation
[   15.593390] scsi target2:0:0: Domain Validation skipping write tests
[   15.601969] scsi target2:0:0: Ending Domain Validation
[   15.660955] scsi target2:0:0: asynchronous
[   15.662134] scsi 2:0:1:0: Direct-Access     VBOX     HARDDISK         1.0  PQ: 0 ANSI: 5
[   16.188262] scsi target2:0:1: Beginning Domain Validation
[   16.189821] scsi target2:0:1: Domain Validation skipping write tests
[   16.190673] scsi target2:0:1: Ending Domain Validation
[   16.191424] scsi target2:0:1: asynchronous
[   16.195965] sd 2:0:0:0: [sda] 20971520 512-byte logical blocks: (10.7 GB/10.0 GiB)
[   16.197468] sd 2:0:0:0: [sda] Write Protect is off
[   16.198181] sd 2:0:0:0: Attached scsi generic sg0 type 0
[   16.199055] sd 2:0:0:0: [sda] Incomplete mode parameter data
[   16.199841] sd 2:0:0:0: [sda] Assuming drive cache: write through
[   16.201502] sd 2:0:1:0: [sdb] 20480 512-byte logical blocks: (10.5 MB/10.0 MiB)
[   16.201611] sd 2:0:1:0: Attached scsi generic sg1 type 0
[   16.206284]  sda: sda1
[   16.228620] sd 2:0:1:0: [sdb] Write Protect is off
[   16.229376] sd 2:0:0:0: [sda] Attached SCSI disk
[   16.316364] sd 2:0:1:0: [sdb] Incomplete mode parameter data
[   16.317206] sd 2:0:1:0: [sdb] Assuming drive cache: write through
[   16.343619] sd 2:0:1:0: [sdb] Attached SCSI disk
Begin: Loading e[   17.976934] md: linear personality registered for level -1
ssential drivers ... [   18.590573] md: multipath personality registered for level -4
[   18.761870] md: raid0 personality registered for level 0
[   18.811669] md: raid1 personality registered for level 1
[   18.897162] raid6: sse2x1   gen() 12156 MB/s
[   19.089167] raid6: sse2x1   xor()  9061 MB/s
[   19.277168] raid6: sse2x2   gen() 14999 MB/s
[   19.469166] raid6: sse2x2   xor() 10276 MB/s
[   19.661155] raid6: sse2x4   gen() 17083 MB/s
[   19.853153] raid6: sse2x4   xor() 11139 MB/s
[   19.941162] raid6: avx2x1   gen() 24056 MB/s
[   20.125161] raid6: avx2x2   gen() 27694 MB/s
[   20.313164] raid6: avx2x4   gen() 31135 MB/s
[   20.440755] raid6: using algorithm avx2x4 gen() 31135 MB/s
[   20.603726] raid6: using avx2x2 recovery algorithm
[   20.691730] xor: automatically using best checksumming function:
[   20.741332]    avx       : 62976.000 MB/sec
[   20.753255] async_tx: api initialized (async)
[   20.759639] md: raid6 personality registered for level 6
[   20.909492] md: raid5 personality registered for level 5
[   20.992265] md: raid4 personality registered for level 4
[   21.160839] md: raid10 personality registered for level 10
done.
Begin: Running /scripts/init-premount ... done.
Begin: Mounting root file system ... Begin: Running /scripts/local-top ... done.
Begin: Running /scripts/local-premount ... [   21.262154] Btrfs loaded
Scanning for Btrfs filesystems
done.
Warning: fsck not present, so skipping root file system
[   21.304314] EXT4-fs (sda1): mounted filesystem with ordered data mode. Opts: (null)
done.
Begin: Running /scripts/local-bottom ... done.
Begin: Running /scripts/init-bottom ... done.
[   22.106196] random: nonblocking pool is initialized
[   22.441411] systemd[1]: systemd 229 running in system mode. (+PAM +AUDIT +SELINUX +IMA +APPARMOR +SMACK +SYSVINIT +UTMP +LIBCRYPTSETUP +GCRYPT +GNUTLS +ACL +XZ -LZ4 +SECCOMP +BLKID +ELFUTILS +KMOD -IDN)
[   22.936833] systemd[1]: Detected virtualization oracle.
[   22.937641] systemd[1]: Detected architecture x86-64.

Welcome to [1mUbuntu 16.04.5 LTS[0m!

[   22.993219] systemd[1]: Set hostname to <ubuntu>.
[   23.035998] systemd[1]: Initializing machine ID from random generator.
[   23.036974] systemd[1]: Installed transient /etc/machine-id file.
[   23.450722] systemd[1]: Listening on LVM2 metadata daemon socket.
[[0;32m  OK  [0m] Listening on LVM2 metadata daemon socket.
[   23.819654] systemd[1]: Listening on LVM2 poll daemon socket.
[[0;32m  OK  [0m] Listening on LVM2 poll daemon socket.
[   23.821238] systemd[1]: Reached target User and Group Name Lookups.
[[0;32m  OK  [0m] Reached target User and Group Name Lookups.
[   23.822884] systemd[1]: Reached target System Time Synchronized.
[[0;32m  OK  [0m] Reached target System Time Synchronized.
[   23.824495] systemd[1]: Listening on /dev/initctl Compatibility Named Pipe.
[[0;32m  OK  [0m] Listening on /dev/initctl Compatibility Named Pipe.
[   23.826409] systemd[1]: Set up automount Arbitrary Executable File Formats File System Automount Point.
[[0;32m  OK  [0m] Set up automount Arbitrary Executab...ats File System Automount Point.
[   23.877310] systemd[1]: Listening on Syslog Socket.
[[0;32m  OK  [0m] Listening on Syslog Socket.
[   24.074284] systemd[1]: Created slice User and Session Slice.
[[0;32m  OK  [0m] Created slice User and Session Slice.
[   24.075890] systemd[1]: Started Forward Password Requests to Wall Directory Watch.
[[0;32m  OK  [0m] Started Forward Password Requests to Wall Directory Watch.
[   24.097749] systemd[1]: Reached target Swap.
[[0;32m  OK  [0m] Reached target Swap.
[   24.099048] systemd[1]: Listening on Journal Socket.
[[0;32m  OK  [0m] Listening on Journal Socket.
[   24.109326] systemd[1]: Listening on udev Control Socket.
[[0;32m  OK  [0m] Listening on udev Control Socket.
[   24.405361] systemd[1]: Listening on Device-mapper event daemon FIFOs.
[[0;32m  OK  [0m] Listening on Device-mapper event daemon FIFOs.
[   24.485855] systemd[1]: Created slice System Slice.
[[0;32m  OK  [0m] Created slice System Slice.
[   25.027653] systemd[1]: Reached target Slices.
[[0;32m  OK  [0m] Reached target Slices.
[   25.129308] systemd[1]: Saarting Create list of required static device nodes for the current kernel...
         Starting Create list of required st... nodes for the current kernel...
[   26.177067] systemd[1]: Starting Set console keymap...
         Starting Set console keymap...
[   26.370746] systemd[1]: Mounting POSIX Message Queue File System...
         Mounting POSIX Message Queue File System...
[   26.372872] systemd[1]: Starting Remount Root and Kernel File Systems...
         Starting Remount Root and Kernel File Systems...
[   26.375055] systemd[1]: Mounting Huge Pages File System...
         Mounting Huge Pages File System...
[   26.376804] systemd[1]: Created slice system-serial\x2dgetty.slice.
[[0;32m  OK  [0m] Created slice system-serial\x2dgetty.slice.
[   26.379104] systemd[1]: Mounting Debug File System...
[   26.384607] EXT4-fs (sda1): re-mounted. Opts: (null)
         Mounting Debug File System...
[   26.440777] systemd[1]: Starting Nameserver information manager...
         Starting Nameserver information manager...
[   26.481465] systemd[1]: Starting Load Kernel Modules...
[   26.573378] Loading iSCSI transport class v2.0-870.
         Starting Load Kernel Modules...
[   26.809340] systemd[1]: Listening on udev Kernel Socket.
[[0;32m  OK  [0m] Listening on udev Kernel Socket.
[   26.815493] systemd[1]: Listening on Journal Audit Socket.
[[0;32m  OK  [0m] Listening on Journal Audit Socket.
[   26.818383] systemd[1]: Listening on Journal Socket (/dev/log).
[[0;32m  OK  [0m] Listening on[   26.820561] iscsi: registered transport (tcp)
 Journal Socket (/dev/log).
[   26.873289] systemd[1]: Starting Journal Service...
         Starting Journal Servic[   27.011951] iscsi: registered transport (iser)
e...
[   27.114950] systemd[1]: Starting Monitoring of LVM2 mirrors, snapshots etc. using dmeventd or progress polling...
         Starting Monitoring of LVM2 mirrors... dmeventd or progress polling...
[   27.117647] systemd[1]: Reached target Encrypted Volumes.
[[0;32m  OK  [0m] Reached target Encrypted Volumes.
[   27.119290] systemd[1]: Started Trigger resolvconf update for networkd DNS.
[[0;32m  OK  [0m] Started Trigger resolvconf update for networkd DNS.
[   27.149285] systemd[1]: Starting Uncomplicated firewall...
         Starting Uncomplicated firewall...
[   27.213290] systemd[1]: Mounted Huge Pages File System.
[[0;32m  OK  [0m] Mounted Huge Pages File System.
[   27.243396] systemd[1]: Mounted POSIX Message Queue File System.
[[0;32m  OK  [0m] Mounted POSIX Message Queue File System.
[   27.245450] systemd[1]: Mounted Debug File System.
[[0;32m  OK  [0m] Mounted Debug File System.
[   27.247826] systemd[1]: Started Journal Service.
[[0;32m  OK  [0m] Started Journal Service.
[[0;32m  OK  [0m] Started Create list of required sta...ce nodes for the current kernel.
[[0;32m  OK  [0m] Started Set console keymap.
[[0;32m  OK  [0m] Started Remount Root and Kernel File Systems.
[[0;32m  OK  [0m] Started Load Kernel Modules.
[[0;32m  OK  [0m] Started Uncomplicated firewall.
[[0;32m  OK  [0m] Started Nameserver information manager.
[[0;32m  OK  [0m] Started LVM2 metadata daemon.
         Mounting FUSE Control File System...
         Starting Apply Kernel Variables...
         Starting udev Coldplug all Devices...
         Starting Load/Save Random Seed...
         Starting Create Static Device Nodes in /dev...
         Starting Flush Journal to Persistent Storage...
[[0;32m  OK  [0m] Mounted FUSE Control File System.
[[0;32m  OK  [0m] Started Apply Kernel Variables.
[[0;32m  OK  [0m] Started Load/Save Random Seed.
[[0;32m  OK  [0m] Started udev Coldplug all Devices.
[[0;32m  OK  [0m] Started Create Static Device Nodes in /dev.
         Starting udev Kernel Device Manager...
[[0;32m  OK  [0m] Started Flush Journal to Persistent Storage.
[[0;32m  OK  [0m] Started udev Kernel Device Manager.
[[0;32m  OK  [0m] Started Monitoring of LVM2 mirrors,...ng dmeventd or progress polling.
[[0;32m  OK  [0m] Reached target Local File Systems (Pre).
[[0;32m  OK  [0m] Reached target Local File Systems.
         Starting Create Volatile Files and Directories...
         Starting Commit a transient machine-id on disk...
         Starting LSB: AppArmor initialization...
         Starting Set console font and keymap...
         Starting Initial cloud-init job (pre-networking)...
         Starting Tell Plymouth To Write Out Runtime Data...
[[0;32m  OK  [0m] Started Dispatch Password Requests to Console Directory Watch.
[[0;32m  OK  [0m] Started Create Volatile Files and Directories.
[[0;32m  OK  [0m] Started Commit a transient machine-id on disk.
[[0;32m  OK  [0m] Started Set console font and keymap.
[[0;32m  OK  [0m] Started Tell Plymouth To Write Out Runtime Data.
[[0;32m  OK  [0m] Found device /dev/ttyS0.
[[0;32m  OK  [0m] Listening on Load/Save RF Kill Switch Status /dev/rfkill Watch.
[[0;32m  OK  [0m] Created slice system-getty.slice.
         Starting Update UTMP about System Boot/Shutdown...
[[0;32m  OK  [0m] Started Update UTMP about System Boot/Shutdown.
[[0;32m  OK  [0m] Started LSB: AppArmor initialization.
[   22.156011] cloud-init[606]: Cloud-init v. 18.4-0ubuntu1~16.04.2 running 'init-local' at Fri, 30 Nov 2018 15:27:33 +0000. Up 21.86 seconds.
[[0;32m  OK  [0m] Started Initial cloud-init job (pre-networking).
[[0;32m  OK  [0m] Reached target Network (Pre).
         Starting Raise network interfaces...
[[0;32m  OK  [0m] Started Raise network interfaces.
         Starting Initial cloud-init job (metadata service crawler)...
[[0;32m  OK  [0m] Reached target Network.
[   24.072177] cloud-init[939]: Cloud-init v. 18.4-0ubuntu1~16.04.2 running 'init' at Fri, 30 Nov 2018 15:27:34 +0000. Up 22.95 seconds.
[[0;32m  OK  [0m] Started Initial cloud-init job (metadata service crawler).
[   24.191223] cloud-init[939]: ci-info: ++++++++++++++++++++++++++++++++++++++Net device info++++++++++++++++++++++++++++++++++++++
[   24.383601] cloud-init[[0;32m  OK  [0m] Reached target System Initialization.
[[0;32m  OK  [0m] Listening on D-Bus System Message Bus Socket.
[939]: ci-info: +--------+-------+---------------------------+---------------+--------+-------------------+
[   24.388569] [[0;32m  OK  [0m] Started ACPI Events Check.
[[0;32m  OK  [0m] Reached target Paths.
         Starting Socket activation for snappy daemon.
[[0;32m  OK  [0m] Started Daily apt download activities.
[[0;32m  OK  [0m] Started Daily apt upgrade and clean activities.
[[0;32m  OK  [0m] Started Daily Cleanup of Temporary Directories.
cloud-init[939]: ci-info: | Device |   Up  |          Address          |      Mask     | Scope  |     Hw-Address    |
[   24.552318]          cloud-initStarting LXD - unix socket.[939]: 
ci-info: +--------+-------+---------------------------+---------------+--------+-------------------+
[   24.632325] [cloud-init[0;32m  OK  [0m[939]: ] ci-info: | enp0s3 |  True |         10.0.2.15         | 255.255.255.0 | global | 02:98:04:f8:6e:63 |Listening on ACPID Listen Socket.

[   24.736344] [cloud-init[0;32m  OK  [0m[939]: ] ci-info: | enp0s3 |  True | fe80::98:4ff:fef8:6e63/64 |       .       |  link  | 02:98:04:f8:6e:63 |Listening on UUID daemon activation socket.

[   24.848291] [cloud-init[0;32m  OK  [0m[939]: ] ci-info: | enp0s8 | False |             .             |       .       |   .    | 08:00:27:2f:0e:51 |Reached target Timers.

[   24.865702] [[0;32m  OK  [0m] Reached target Network is Online.
cloud-init[939]: ci-info: |   lo   |  True |         127.0.0.1         |   255.0.0.0   |  host  |         .         |
[   24.869390] cloud-init[939]: ci-info: |   lo   |  True |          ::1/128          |       .       |  host  |         .         |
[   24.914731]          cloud-initStarting iSCSI initiator daemon (iscsid)...[939]: 
ci-info: +--------+-------+---------------------------+---------------+--------+-------------------+
[   24.958566] [[0;32m  OK  [0m] Reached target Cloud-config availability.
[[0;32m  OK  [0m] Listening on Socket activation for snappy daemon.
[[0;32m  OK  [0m] Listening on LXD - unix socket.
cloud-init[939]: ci-info: +++++++++++++++++++++++++++Route IPv4 info++++++++++++++++++++++++++++
[   25.012358] [[0;32m  OK  [0m] Reached target Sockets.
[[0;32m  OK  [0m] Reached target Basic System.
cloud-init[939]: ci-info: +-------+-------------+----------+---------------+-----------+-------+
[   25.021346] cloud-init[939]: ci-info: | Route | Destination | Gateway  |    Genmask    | Interface | Flags |
[   25.024101]          cloud-initStarting Virtualbox guest utils...[939]: 
ci-info: +-------+-------------+----------+---------------+-----------+-------+
[   25.049761] [[0;32m  OK  [0m] Started Regular background program processing daemon.
cloud-init[939]: ci-info: |   0   |   0.0.0.0   | 10.0.2.2 |    0.0.0.0    |   enp0s3  |   UG  |
[   25.066165] cloud-init         Starting Pollinate to seed the pseudo random number generator...
[939]: ci-info: |   1   |   10.0.2.0  | 0.0.0.0  | 255.255.255.0 |   enp0s3  |   U   |
[   25.080387]          cloud-initStarting Login Service...[939]: 
ci-info: +-------+-------------+----------+---------------+-----------+-------+
[   25.128727] cloud-init         Starting LSB: MD monitoring daemon...
[939]: ci-info: +++++++++++++++++++Route IPv6 info+++++++++++++++++++
[   25.132471] cloud-init[939]: ci-info: +-------+-------------+---------+-----------+-------+
[   25.154260]          cloud-initStarting LSB: Record successful boot for GRUB...[939]: 
ci-info: | Route | Destination | Gateway | Interface | Flags |
[   25.161502] [[0;32m  OK  [0m] Started FUSE filesystem for LXC.
cloud-init[939]:          Starting Accounts Service...
ci-info: +-------+-------------+---------+-----------+-------+
[   25.176547] [cloud-init[0;32m  OK  [0m[939]: ] ci-info: |   0   |  fe80::/64  |    ::   |   enp0s3  |   U   |Started ACPI event daemon.

[   25.177574] cloud-init[939]: ci-info: |   3   |   ff00::/8  |    ::   |   enp0s3  |   U   |
[[0;32m  OK  [0m] Started Deferred execution scheduler.
[[0;32m  OK  [0m] Started D-Bus System Message Bus.
[   25.210871] cloud-init[939]: ci-info: +-------+-------------+---------+-----------+-------+
[   25.215538] cloud-init[939]: Generating public/private rsa key pair.
[   25.218180] cloud-init[939]: Your identification has been saved in /etc/ssh/ssh_host_rsa_key.
[   25.228439] cloud-init[939]: Your public key has been saved in /etc/ssh/ssh_host_rsa_key.pub.
[   25.230683] cloud-init[939]: The key fingerprint is:
[   25.232239] cloud-init[939]: SHA256:NPds6XSRmgoM31MsoN63wel7M/XHox0M8sdYlIi6jGY root@ubuntu-xenial
[   25.280361] cloud-init[939]: The key's randomart image is:
[   25.288723] cloud-init[939]: +---[RSA 2048]----+
[   25.290201] cloud-init[939]: |        .        |
[   25.291620] cloud-init[939]: |       . . .. ...|
[   25.296463] cloud-init[939]: |      o o o.o.oo |
[   25.297971] cloud-init[939]: |     . * =.* +.. |
[   25.299427] cloud-init[939]: |      . S.B.O... |
[   25.312324] cloud-init[939]: |        o+.Oo.B  |
[   25.328329] cloud-init[939]: |       E o+ .+ B |
[   25.356288] cloud-init[939]: |      o    .+ o.=|
[   25.372538] cloud-init[939]: |          .. +..o|
[   25.381393] cloud-init[939]: +----[SHA256]-----+
[   25.395631]          cloud-initStarting System Logging Service...[939]: 
Generating public/private dsa key pair.
[   25.405535] [cloud-init[0;32m  OK  [0m[939]: ] Your identification has been saved in /etc/ssh/ssh_host_dsa_key.Started Unattended Upgrades Shutdown.

         Starting /etc/rc.local Compatibility...
[   25.427873] cloud-init[939]: Your public key has been saved in /etc/ssh/ssh_host_dsa_key.pub.         Starting LXD - container startup/shutdown...

[   25.437834]          Starting Snappy daemon...
cloud-init[939]: The key fingerprint is:
[   25.440731] [[0;32m  OK  [0m] Started iSCSI initiator daemon (iscsid).
cloud-init[939]: SHA256:JBzOr1giM+ak6jdnu/OcmPuhqqTLjfoH9ML/wjpb68o root@ubuntu-xenial
[   25.500310] [cloud-init[0;32m  OK  [0m[939]: ] The key's randomart image is:Started /etc/rc.local Compatibility.

[[0;32m  OK  [0m] Started System Logging Service.
[   25.500966] cloud-init[939]: +---[DSA 1024]----+
[   25.579385] cloud-init[939]: |      .          |
[   25.581500] cloud-init[939]: |     + .         |
[   25.583313] cloud-init[939]: |      = .        |
[   25.608319] cloud-init[939]: |  .    +         |
[   25.644541] [[0;32m  OK  [0m] Started Login Service.
cloud-init[939]: | o*.. . S        |
[   25.662254]          cloud-initStarting Authenticate and Authorize Users to Run Privileged Tasks...[939]: 
| =++.+ .         |
[   25.702987] cloud-init         [939]: Starting Login to default iSCSI targets...|...=o ..         |

[   25.710850] [cloud-init[0;32m  OK  [0m[939]: ] |=.++=== o        |Started LSB: MD monitoring daemon.

[   25.711724] [[0;32m  OK  [0m] Started LSB: Record successful boot for GRUB.
cloud-init[939]: |BBEXBXO=         |
[   25.738204] cloud-init[939]: +----[SHA256]-----+
[   25.739561] cloud-init[939]: Generating public/private ecdsa key pair.
[   25.778744] cloud-init[939]: Your identification has been saved in /etc/ssh/ssh_host_ecdsa_key.
[   25.778936] cloud-init[939]: Your public key has been saved in /etc/ssh/ssh_host_ecdsa_key.pub.
[[0;32m  OK  [0m] Started Authenticate and Authorize Users to Run Privileged Tasks.
[[   25.779052] cloud-init[939]: The key fingerprint is:
[   25.797752] cloud-init[939]: SHA256:eq5ypUHssMeF5nyQFVqJ+XTplOudtVvFVVD+Esg3Qso root@ubuntu-xenial
[   25.797817] cloud-init[939]: The key's randomart image is:
[   25.798026] cloud-init[939]: +---[ECDSA 256]---+
[   25.798130] cloud-init[939]: |       ooo o. .o+|
[   25.798235] cloud-init[939]: |      oo+.=+ . ..|
[   25.798340] cloud-init[939]: |     ..* +E.+ +.o|
[   25.798451] cloud-init[939]: |    . B o o  o.o+|
[   25.798552] cloud-init[939]: |     X oS. . o..o|
[0;32m  OK  [0m] Started Accounts Service.
[   25.798876] cloud-init[939]: |    . B.o . o ...|
[   25.841075] cloud-init[939]: |     ..=.      o |
[   25.841253] cloud-init[939]: |    . oo      .  |
[   25.841355] cloud-init[939]: |     o...        |
[   25.841460] cloud-init[939]: +----[SHA256]-----+
[   25.841566] cloud-init[939]: Generating public/private ed25519 key pair.
[   25.841695] cloud-init[939]: Your identification has been saved in /etc/ssh/ssh_host_ed25519_key.
[   25.841800] cloud-init[939]: Your public key has been saved in /etc/ssh/ssh_host_ed25519_key.pub.
[   25.841907] cloud-init[939]: The key fingerprint is:
[   25.842013] cloud-init[939]: SHA256:0U3PieREdl5yufNNam1fXjK+G3Ub8MR+wlmsEMOp6hA root@ubuntu-xenial
[[0;32m  OK  [0m] Started Virtualbox guest utils.
[   25.842125] cloud-init[939]: The key's randomart image is:
[   25.955403] cloud-init[939]: +--[ED25519 256]--+
[   25.977580] cloud-init[939]: |           oO.o +|
[   26.012319] [cloud-init[0;32m  OK  [0m[939]: ] |         . BoO.B |Started Login to default iSCSI targets.

[   26.013297] cloud-init[939]: |        . ..=.=o+|
[   26.038810] [[0;32m  OK  [0m] Reached target Remote File Systems (Pre).
[[0;32m  OK  [0m] Reached target Remote File Systems.
cloud-init[939]: |      E  ..  o=*.|
[   26.041261] cloud-init[939]: |       .S.    =BB|
[   26.051847]          Starting LSB: automatic crash report generation...
cloud-init[939]: |      . .     =o%|
[   26.064246]          Starting LSB: daemon to balance interrupts for SMP systems...
cloud-init         Starting Permit User Sessions...
[939]: |       o     o.*+|         Starting LSB: Set the CPU Frequency Scaling governor to "ondemand"...

[   26.066703] cloud-init[939]: |        .     ..o|
[   26.067791] cloud-init[939]: |              oo |
[   26.068881] cloud-init[939]: +----[SHA256]-----+
[[0;32m  OK  [0m] Started LSB: Set the CPU Frequency Scaling governor to "ondemand".
[[0;32m  OK  [0m] Started Permit User Sessions.
         Starting Terminate Plymouth Boot Screen...
         Starting Hold until boot process finishes up...
[[0;32m  OK  [0m] Started LSB: automatic crash report generation.
[[0;32m  OK  [0m] Started LSB: daemon to balance interrupts for SMP systems.
[[0;32m  OK  [0m] Started Terminate Plymouth Boot Screen.
[[0;32m  OK  [0m] Started Hold until boot process finishes up.
         Starting Set console scheme...
[[0;32m  OK  [0m] Started Getty on tty1.
[[0;32m  OK  [0m] Started Serial Getty on ttyS0.
[[0;32m  OK  [0m] Reached target Login Prompts.
[[0;32m  OK  [0m] Started Set console scheme.
[[0;32m  OK  [0m] Started LXD - container startup/shutdown.
[[0;32m  OK  [0m] Started Snappy daemon.
         Starting Wait until snapd is fully seeded...
[[0;32m  OK  [0m] Started Pollinate to seed the pseudo random number generator.
         Starting OpenBSD Secure Shell server...
[[0;32m  OK  [0m] Started OpenBSD Secure Shell server.
[[0;32m  OK  [0m] Created slice User Slice of vagrant.
         Starting User Manager for UID 1000...
[[0;32m  OK  [0m] Started Session 1 of user vagrant.
[[0;32m  OK  [0m] Started User Manager for UID 1000.
[[0;32m  OK  [0m] Started Wait until snapd is fully seeded.
[[0;32m  OK  [0m] Reached target Multi-User System.
[[0;32m  OK  [0m] Reached target Graphical Interface.
         Starting Update UTMP about System Runlevel Changes...
         Starting Apply the settings specified in cloud-config...
[[0;32m  OK  [0m] Started Update UTMP about System Runlevel Changes.
[   30.612486] cloud-init[1381]: Generating locales (this might take a while)...
[   31.267862] cloud-init[1381]:   en_US.UTF-8... done
[   31.268376] cloud-init[1381]: Generation complete.
[   31.843353] cloud-init[1381]: Cloud-init v. 18.4-0ubuntu1~16.04.2 running 'modules:config' at Fri, 30 Nov 2018 15:27:42 +0000. Up 30.47 seconds.
ci-info: no authorized ssh keys fingerprints found for user ubuntu.
<14>Nov 30 15:27:44 ec2: 
<14>Nov 30 15:27:44 ec2: #############################################################
<14>Nov 30 15:27:44 ec2: -----BEGIN SSH HOST KEY FINGERPRINTS-----
<14>Nov 30 15:27:44 ec2: 1024 SHA256:JBzOr1giM+ak6jdnu/OcmPuhqqTLjfoH9ML/wjpb68o root@ubuntu-xenial (DSA)
<14>Nov 30 15:27:44 ec2: 256 SHA256:eq5ypUHssMeF5nyQFVqJ+XTplOudtVvFVVD+Esg3Qso root@ubuntu-xenial (ECDSA)
<14>Nov 30 15:27:44 ec2: 256 SHA256:0U3PieREdl5yufNNam1fXjK+G3Ub8MR+wlmsEMOp6hA root@ubuntu-xenial (ED25519)
<14>Nov 30 15:27:44 ec2: 2048 SHA256:NPds6XSRmgoM31MsoN63wel7M/XHox0M8sdYlIi6jGY root@ubuntu-xenial (RSA)
<14>Nov 30 15:27:44 ec2: -----END SSH HOST KEY FINGERPRINTS-----
<14>Nov 30 15:27:44 ec2: #############################################################
-----BEGIN SSH HOST KEY KEYS-----
ecdsa-sha2-nistp256 AAAAE2VjZHNhLXNoYTItbmlzdHAyNTYAAAAIbmlzdHAyNTYAAABBBAVjraFP4NGtZ2vtKhpLh4HC22LLob/KXgh/PSVD+u9qkAmymHxeyxWDLpbe6mQR52nC/yiNvoZkE0ljemdPNRo= root@ubuntu-xenial
ssh-ed25519 AAAAC3NzaC1lZDI1NTE5AAAAINiT0C9boZDmR+otpBQHgVLzBrN6mb0cpgF1vnTKHxjI root@ubuntu-xenial
ssh-rsa AAAAB3NzaC1yc2EAAAADAQABAAABAQCZrpEKPVoi1V091Uwuw01fu2gAhAl/eR3xGRdXRLGa34J6oTqg0zOWH14Kc5sJ75PKzRMIkbnVlKKP9aXB+vHJu8xbvk2V3LQWmWFP7qYqV8T872m6rW8MfSE4PUQVT4dPwNjGDSvHCP/JC8uqnF/76CP3JybYIhHNrQgza+g2hKSS4uVhyXL1JS7F8tF8ooWE/IM85o4BGvDkei8TqbYIRuRbalX4DwXp7cUtTCG9k6M75BHKoPIA72KNtO8KYPzudJ6oZo6TBQ1kv5uLvYqyaupWTNYCEF/vjeOK4Ca8LdLKH0RgmlLeQcBNgGaPBbzrVXtLKIZzCNTo7Kbka9p/ root@ubuntu-xenial
-----END SSH HOST KEY KEYS-----
[   32.195296] cloud-init[1471]: Cloud-init v. 18.4-0ubuntu1~16.04.2 running 'modules:final' at Fri, 30 Nov 2018 15:27:44 +0000. Up 32.08 seconds.
[   32.195449] cloud-init[1471]: ci-info: no authorized ssh keys fingerprints found for user ubuntu.
[   32.195546] cloud-init[1471]: Cloud-init v. 18.4-0ubuntu1~16.04.2 finished at Fri, 30 Nov 2018 15:27:44 +0000. Datasource DataSourceNoCloud [seed=/dev/sdb][dsmode=net].  Up 32.19 seconds

Ubuntu 16.04.5 LTS ubuntu-xenial ttyS0

ubuntu-xenial login: 